<?xml version="1.0" encoding="UTF-8"?>
<!-- Generated by org.testng.reporters.JUnitXMLReporter -->
<testsuite ignored="0" hostname="KairosHW0450" failures="0" tests="4" name="Add Customer Test" time="13.674" errors="0" timestamp="20 Apr 2023 04:29:05 GMT">
  <testcase classname="com.SP.testcases.AddCustomerTest" name="addCustomerTest" time="4.747"/>
  <testcase classname="com.SP.testcases.AddCustomerTest" name="addCustomerTest" time="0.003">
    <skipped/>
  </testcase> <!-- addCustomerTest -->
  <testcase classname="com.SP.testcases.AddCustomerTest" name="addCustomerTest" time="4.298"/>
  <testcase classname="com.SP.testcases.AddCustomerTest" name="addCustomerTest" time="4.304"/>
</testsuite> <!-- Add Customer Test -->
