<?xml version="1.0" encoding="UTF-8"?>
<testng-results ignored="0" total="1" passed="1" failed="0" skipped="0">
  <reporter-output>
  </reporter-output>
  <suite started-at="2023-04-23T07:01:24Z" name="Default suite" finished-at="2023-04-23T07:01:27Z" duration-ms="3137">
    <groups>
    </groups>
    <test started-at="2023-04-23T07:01:24Z" name="Default test" finished-at="2023-04-23T07:01:27Z" duration-ms="3137">
      <class name="com.SP.testcases.BankManagerLoginTest">
        <test-method is-config="true" signature="setUp()[pri:0, instance:com.SP.testcases.BankManagerLoginTest@47404bea]" started-at="2023-04-23T12:31:21Z" name="setUp" finished-at="2023-04-23T12:31:24Z" duration-ms="2801" status="PASS">
          <reporter-output>
          </reporter-output>
        </test-method> <!-- setUp -->
        <test-method signature="bankManagerLoginTest()[pri:0, instance:com.SP.testcases.BankManagerLoginTest@47404bea]" started-at="2023-04-23T12:31:24Z" name="bankManagerLoginTest" finished-at="2023-04-23T12:31:27Z" duration-ms="3105" status="PASS">
          <reporter-output>
          </reporter-output>
        </test-method> <!-- bankManagerLoginTest -->
        <test-method is-config="true" signature="tearDown()[pri:0, instance:com.SP.testcases.BankManagerLoginTest@47404bea]" started-at="2023-04-23T12:31:27Z" name="tearDown" finished-at="2023-04-23T12:31:28Z" duration-ms="1114" status="PASS">
          <reporter-output>
          </reporter-output>
        </test-method> <!-- tearDown -->
      </class> <!-- com.SP.testcases.BankManagerLoginTest -->
    </test> <!-- Default test -->
  </suite> <!-- Default suite -->
</testng-results>
